Performing C SOURCE FILE Test CMAKE_HAVE_LIBC_PTHREAD failed with the following output:
Change Dir: /home/lenyas/CLionProjects/opz/cmake-build-debug/CMakeFiles/CMakeTmp

Run Build Command(s):/usr/bin/make cmTC_12b75/fast && /usr/bin/make  -f CMakeFiles/cmTC_12b75.dir/build.make CMakeFiles/cmTC_12b75.dir/build
make[1]: вход в каталог «/home/lenyas/CLionProjects/opz/cmake-build-debug/CMakeFiles/CMakeTmp»
Building C object CMakeFiles/cmTC_12b75.dir/src.c.o
/usr/bin/cc -DCMAKE_HAVE_LIBC_PTHREAD   -o CMakeFiles/cmTC_12b75.dir/src.c.o -c /home/lenyas/CLionProjects/opz/cmake-build-debug/CMakeFiles/CMakeTmp/src.c
Linking C executable cmTC_12b75
/snap/cmake/769/bin/cmake -E cmake_link_script CMakeFiles/cmTC_12b75.dir/link.txt --verbose=1
/usr/bin/cc -rdynamic CMakeFiles/cmTC_12b75.dir/src.c.o -o cmTC_12b75 
/usr/bin/ld: CMakeFiles/cmTC_12b75.dir/src.c.o: в функции «main»:
src.c:(.text+0x46): неопределённая ссылка на «pthread_create»
/usr/bin/ld: src.c:(.text+0x52): неопределённая ссылка на «pthread_detach»
/usr/bin/ld: src.c:(.text+0x5e): неопределённая ссылка на «pthread_cancel»
/usr/bin/ld: src.c:(.text+0x6f): неопределённая ссылка на «pthread_join»
collect2: error: ld returned 1 exit status
make[1]: *** [CMakeFiles/cmTC_12b75.dir/build.make:106: cmTC_12b75] Ошибка 1
make[1]: выход из каталога «/home/lenyas/CLionProjects/opz/cmake-build-debug/CMakeFiles/CMakeTmp»
make: *** [Makefile:140: cmTC_12b75/fast] Ошибка 2


Source file was:
#include <pthread.h>

static void* test_func(void* data)
{
  return data;
}

int main(void)
{
  pthread_t thread;
  pthread_create(&thread, NULL, test_func, NULL);
  pthread_detach(thread);
  pthread_cancel(thread);
  pthread_join(thread, NULL);
  pthread_atfork(NULL, NULL, NULL);
  pthread_exit(NULL);

  return 0;
}

Determining if the function pthread_create exists in the pthreads failed with the following output:
Change Dir: /home/lenyas/CLionProjects/opz/cmake-build-debug/CMakeFiles/CMakeTmp

Run Build Command(s):/usr/bin/make cmTC_88404/fast && /usr/bin/make  -f CMakeFiles/cmTC_88404.dir/build.make CMakeFiles/cmTC_88404.dir/build
make[1]: вход в каталог «/home/lenyas/CLionProjects/opz/cmake-build-debug/CMakeFiles/CMakeTmp»
Building C object CMakeFiles/cmTC_88404.dir/CheckFunctionExists.c.o
/usr/bin/cc   -DCHECK_FUNCTION_EXISTS=pthread_create -o CMakeFiles/cmTC_88404.dir/CheckFunctionExists.c.o -c /snap/cmake/769/share/cmake-3.19/Modules/CheckFunctionExists.c
Linking C executable cmTC_88404
/snap/cmake/769/bin/cmake -E cmake_link_script CMakeFiles/cmTC_88404.dir/link.txt --verbose=1
/usr/bin/cc  -DCHECK_FUNCTION_EXISTS=pthread_create -rdynamic CMakeFiles/cmTC_88404.dir/CheckFunctionExists.c.o -o cmTC_88404  -lpthreads 
/usr/bin/ld: невозможно найти -lpthreads
collect2: error: ld returned 1 exit status
make[1]: *** [CMakeFiles/cmTC_88404.dir/build.make:106: cmTC_88404] Ошибка 1
make[1]: выход из каталога «/home/lenyas/CLionProjects/opz/cmake-build-debug/CMakeFiles/CMakeTmp»
make: *** [Makefile:140: cmTC_88404/fast] Ошибка 2



